2021-12-09 13:35:34,060:INFO:PyCaret Supervised Module
2021-12-09 13:35:34,061:INFO:ML Usecase: classification
2021-12-09 13:35:34,062:INFO:version 2.3.5
2021-12-09 13:35:34,062:INFO:Initializing setup()
2021-12-09 13:35:34,062:INFO:setup(target=0         0
1         0
2         0
3         0
4         0
         ..
145454    0
145455    0
145456    0
145457    0
145458    0
Name: RainTomorrow, Length: 123710, dtype: int32, ml_usecase=classification, available_plots={'parameter': 'Hyperparameters', 'auc': 'AUC', 'confusion_matrix': 'Confusion Matrix', 'threshold': 'Threshold', 'pr': 'Precision Recall', 'error': 'Prediction Error', 'class_report': 'Class Report', 'rfe': 'Feature Selection', 'learning': 'Learning Curve', 'manifold': 'Manifold Learning', 'calibration': 'Calibration Curve', 'vc': 'Validation Curve', 'dimension': 'Dimensions', 'feature': 'Feature Importance', 'feature_all': 'Feature Importance (All)', 'boundary': 'Decision Boundary', 'lift': 'Lift Chart', 'gain': 'Gain Chart', 'tree': 'Decision Tree', 'ks': 'KS Statistic Plot'}, train_size=0.7, test_data=None, preprocess=True, imputation_type=simple, iterative_imputation_iters=5, categorical_features=None, categorical_imputation=constant, categorical_iterative_imputer=lightgbm, ordinal_features=None, high_cardinality_features=None, high_cardinality_method=frequency, numeric_features=None, numeric_imputation=mean, numeric_iterative_imputer=lightgbm, date_features=None, ignore_features=None, normalize=False, normalize_method=zscore, transformation=False, transformation_method=yeo-johnson, handle_unknown_categorical=True, unknown_categorical_method=least_frequent, pca=False, pca_method=linear, pca_components=None, ignore_low_variance=False, combine_rare_levels=False, rare_level_threshold=0.1, bin_numeric_features=None, remove_outliers=False, outliers_threshold=0.05, remove_multicollinearity=False, multicollinearity_threshold=0.9, remove_perfect_collinearity=True, create_clusters=False, cluster_iter=20, polynomial_features=False, polynomial_degree=2, trigonometry_features=False, polynomial_threshold=0.1, group_features=None, group_names=None, feature_selection=False, feature_selection_threshold=0.8, feature_selection_method=classic, feature_interaction=False, feature_ratio=False, interaction_threshold=0.01, fix_imbalance=False, fix_imbalance_method=None, transform_target=False, transform_target_method=box-cox, data_split_shuffle=True, data_split_stratify=False, fold_strategy=stratifiedkfold, fold=10, fold_shuffle=False, fold_groups=None, n_jobs=-1, use_gpu=False, custom_pipeline=None, html=True, session_id=123, log_experiment=False, experiment_name=None, log_plots=False, log_profile=False, log_data=False, silent=False, verbose=True, profile=False, profile_kwargs=None, display=None)
2021-12-09 13:35:34,062:INFO:Checking environment
2021-12-09 13:35:34,062:INFO:python_version: 3.9.7
2021-12-09 13:35:34,062:INFO:python_build: ('tags/v3.9.7:1016ef3', 'Aug 30 2021 20:19:38')
2021-12-09 13:35:34,063:INFO:machine: AMD64
2021-12-09 13:35:34,063:INFO:platform: Windows-10-10.0.19042-SP0
2021-12-09 13:35:34,067:INFO:Memory: svmem(total=8155959296, available=860827648, percent=89.4, used=7295131648, free=860827648)
2021-12-09 13:35:34,067:INFO:Physical Core: 4
2021-12-09 13:35:34,067:INFO:Logical Core: 8
2021-12-09 13:35:34,067:INFO:Checking libraries
2021-12-09 13:35:34,067:INFO:pd==1.2.2
2021-12-09 13:35:34,067:INFO:numpy==1.19.5
2021-12-09 13:35:34,067:INFO:sklearn==0.23.2
2021-12-09 13:35:34,067:INFO:lightgbm==3.3.1
2021-12-09 13:35:34,457:INFO:catboost==1.0.3
2021-12-09 13:35:34,924:INFO:xgboost==1.5.1
2021-12-09 13:35:35,767:INFO:mlflow==1.22.0
2021-12-09 13:35:35,769:INFO:Checking Exceptions
2021-12-09 13:42:57,247:INFO:PyCaret Supervised Module
2021-12-09 13:42:57,252:INFO:ML Usecase: classification
2021-12-09 13:42:57,252:INFO:version 2.3.5
2021-12-09 13:42:57,252:INFO:Initializing setup()
2021-12-09 13:42:57,252:INFO:setup(target=0         0
1         0
2         0
3         0
4         0
         ..
145454    0
145455    0
145456    0
145457    0
145458    0
Name: RainTomorrow, Length: 123710, dtype: int32, ml_usecase=classification, available_plots={'parameter': 'Hyperparameters', 'auc': 'AUC', 'confusion_matrix': 'Confusion Matrix', 'threshold': 'Threshold', 'pr': 'Precision Recall', 'error': 'Prediction Error', 'class_report': 'Class Report', 'rfe': 'Feature Selection', 'learning': 'Learning Curve', 'manifold': 'Manifold Learning', 'calibration': 'Calibration Curve', 'vc': 'Validation Curve', 'dimension': 'Dimensions', 'feature': 'Feature Importance', 'feature_all': 'Feature Importance (All)', 'boundary': 'Decision Boundary', 'lift': 'Lift Chart', 'gain': 'Gain Chart', 'tree': 'Decision Tree', 'ks': 'KS Statistic Plot'}, train_size=0.7, test_data=None, preprocess=True, imputation_type=simple, iterative_imputation_iters=5, categorical_features=None, categorical_imputation=constant, categorical_iterative_imputer=lightgbm, ordinal_features=None, high_cardinality_features=None, high_cardinality_method=frequency, numeric_features=None, numeric_imputation=mean, numeric_iterative_imputer=lightgbm, date_features=None, ignore_features=None, normalize=False, normalize_method=zscore, transformation=False, transformation_method=yeo-johnson, handle_unknown_categorical=True, unknown_categorical_method=least_frequent, pca=False, pca_method=linear, pca_components=None, ignore_low_variance=False, combine_rare_levels=False, rare_level_threshold=0.1, bin_numeric_features=None, remove_outliers=False, outliers_threshold=0.05, remove_multicollinearity=False, multicollinearity_threshold=0.9, remove_perfect_collinearity=True, create_clusters=False, cluster_iter=20, polynomial_features=False, polynomial_degree=2, trigonometry_features=False, polynomial_threshold=0.1, group_features=None, group_names=None, feature_selection=False, feature_selection_threshold=0.8, feature_selection_method=classic, feature_interaction=False, feature_ratio=False, interaction_threshold=0.01, fix_imbalance=False, fix_imbalance_method=None, transform_target=False, transform_target_method=box-cox, data_split_shuffle=True, data_split_stratify=False, fold_strategy=stratifiedkfold, fold=10, fold_shuffle=False, fold_groups=None, n_jobs=-1, use_gpu=False, custom_pipeline=None, html=True, session_id=123, log_experiment=False, experiment_name=None, log_plots=False, log_profile=False, log_data=False, silent=False, verbose=True, profile=False, profile_kwargs=None, display=None)
2021-12-09 13:42:57,252:INFO:Checking environment
2021-12-09 13:42:57,252:INFO:python_version: 3.9.7
2021-12-09 13:42:57,252:INFO:python_build: ('tags/v3.9.7:1016ef3', 'Aug 30 2021 20:19:38')
2021-12-09 13:42:57,252:INFO:machine: AMD64
2021-12-09 13:42:57,253:INFO:platform: Windows-10-10.0.19042-SP0
2021-12-09 13:42:57,253:INFO:Memory: svmem(total=8155959296, available=664203264, percent=91.9, used=7491756032, free=664203264)
2021-12-09 13:42:57,253:INFO:Physical Core: 4
2021-12-09 13:42:57,253:INFO:Logical Core: 8
2021-12-09 13:42:57,253:INFO:Checking libraries
2021-12-09 13:42:57,253:INFO:pd==1.2.2
2021-12-09 13:42:57,253:INFO:numpy==1.19.5
2021-12-09 13:42:57,253:INFO:sklearn==0.23.2
2021-12-09 13:42:57,253:INFO:lightgbm==3.3.1
2021-12-09 13:42:57,253:INFO:catboost==1.0.3
2021-12-09 13:42:57,253:INFO:xgboost==1.5.1
2021-12-09 13:42:57,254:INFO:mlflow==1.22.0
2021-12-09 13:42:57,254:INFO:Checking Exceptions
2021-12-09 13:56:03,707:INFO:PyCaret Supervised Module
2021-12-09 13:56:03,708:INFO:ML Usecase: classification
2021-12-09 13:56:03,708:INFO:version 2.3.5
2021-12-09 13:56:03,708:INFO:Initializing setup()
2021-12-09 13:56:03,708:INFO:setup(target=0         0
1         0
2         0
3         0
4         0
         ..
145454    0
145455    0
145456    0
145457    0
145458    0
Name: RainTomorrow, Length: 123710, dtype: int32, ml_usecase=classification, available_plots={'parameter': 'Hyperparameters', 'auc': 'AUC', 'confusion_matrix': 'Confusion Matrix', 'threshold': 'Threshold', 'pr': 'Precision Recall', 'error': 'Prediction Error', 'class_report': 'Class Report', 'rfe': 'Feature Selection', 'learning': 'Learning Curve', 'manifold': 'Manifold Learning', 'calibration': 'Calibration Curve', 'vc': 'Validation Curve', 'dimension': 'Dimensions', 'feature': 'Feature Importance', 'feature_all': 'Feature Importance (All)', 'boundary': 'Decision Boundary', 'lift': 'Lift Chart', 'gain': 'Gain Chart', 'tree': 'Decision Tree', 'ks': 'KS Statistic Plot'}, train_size=0.7, test_data=None, preprocess=True, imputation_type=simple, iterative_imputation_iters=5, categorical_features=None, categorical_imputation=constant, categorical_iterative_imputer=lightgbm, ordinal_features=None, high_cardinality_features=None, high_cardinality_method=frequency, numeric_features=None, numeric_imputation=mean, numeric_iterative_imputer=lightgbm, date_features=None, ignore_features=None, normalize=False, normalize_method=zscore, transformation=False, transformation_method=yeo-johnson, handle_unknown_categorical=True, unknown_categorical_method=least_frequent, pca=False, pca_method=linear, pca_components=None, ignore_low_variance=False, combine_rare_levels=False, rare_level_threshold=0.1, bin_numeric_features=None, remove_outliers=False, outliers_threshold=0.05, remove_multicollinearity=False, multicollinearity_threshold=0.9, remove_perfect_collinearity=True, create_clusters=False, cluster_iter=20, polynomial_features=False, polynomial_degree=2, trigonometry_features=False, polynomial_threshold=0.1, group_features=None, group_names=None, feature_selection=False, feature_selection_threshold=0.8, feature_selection_method=classic, feature_interaction=False, feature_ratio=False, interaction_threshold=0.01, fix_imbalance=False, fix_imbalance_method=None, transform_target=False, transform_target_method=box-cox, data_split_shuffle=True, data_split_stratify=False, fold_strategy=stratifiedkfold, fold=10, fold_shuffle=False, fold_groups=None, n_jobs=-1, use_gpu=False, custom_pipeline=None, html=True, session_id=123, log_experiment=False, experiment_name=None, log_plots=False, log_profile=False, log_data=False, silent=False, verbose=True, profile=False, profile_kwargs=None, display=None)
2021-12-09 13:56:03,708:INFO:Checking environment
2021-12-09 13:56:03,708:INFO:python_version: 3.9.7
2021-12-09 13:56:03,708:INFO:python_build: ('tags/v3.9.7:1016ef3', 'Aug 30 2021 20:19:38')
2021-12-09 13:56:03,708:INFO:machine: AMD64
2021-12-09 13:56:03,708:INFO:platform: Windows-10-10.0.19042-SP0
2021-12-09 13:56:03,709:INFO:Memory: svmem(total=8155959296, available=835395584, percent=89.8, used=7320563712, free=835395584)
2021-12-09 13:56:03,709:INFO:Physical Core: 4
2021-12-09 13:56:03,709:INFO:Logical Core: 8
2021-12-09 13:56:03,709:INFO:Checking libraries
2021-12-09 13:56:03,709:INFO:pd==1.2.2
2021-12-09 13:56:03,709:INFO:numpy==1.19.5
2021-12-09 13:56:03,709:INFO:sklearn==0.23.2
2021-12-09 13:56:03,709:INFO:lightgbm==3.3.1
2021-12-09 13:56:03,739:INFO:catboost==1.0.3
2021-12-09 13:56:03,954:INFO:xgboost==1.5.1
2021-12-09 13:56:04,420:INFO:mlflow==1.22.0
2021-12-09 13:56:04,420:INFO:Checking Exceptions
2021-12-09 13:57:18,016:INFO:PyCaret Supervised Module
2021-12-09 13:57:18,017:INFO:ML Usecase: classification
2021-12-09 13:57:18,018:INFO:version 2.3.5
2021-12-09 13:57:18,018:INFO:Initializing setup()
2021-12-09 13:57:18,018:INFO:setup(target=0         0
1         0
2         0
3         0
4         0
         ..
145454    0
145455    0
145456    0
145457    0
145458    0
Name: RainTomorrow, Length: 123710, dtype: int32, ml_usecase=classification, available_plots={'parameter': 'Hyperparameters', 'auc': 'AUC', 'confusion_matrix': 'Confusion Matrix', 'threshold': 'Threshold', 'pr': 'Precision Recall', 'error': 'Prediction Error', 'class_report': 'Class Report', 'rfe': 'Feature Selection', 'learning': 'Learning Curve', 'manifold': 'Manifold Learning', 'calibration': 'Calibration Curve', 'vc': 'Validation Curve', 'dimension': 'Dimensions', 'feature': 'Feature Importance', 'feature_all': 'Feature Importance (All)', 'boundary': 'Decision Boundary', 'lift': 'Lift Chart', 'gain': 'Gain Chart', 'tree': 'Decision Tree', 'ks': 'KS Statistic Plot'}, train_size=0.7, test_data=None, preprocess=True, imputation_type=simple, iterative_imputation_iters=5, categorical_features=None, categorical_imputation=constant, categorical_iterative_imputer=lightgbm, ordinal_features=None, high_cardinality_features=None, high_cardinality_method=frequency, numeric_features=None, numeric_imputation=mean, numeric_iterative_imputer=lightgbm, date_features=None, ignore_features=None, normalize=False, normalize_method=zscore, transformation=False, transformation_method=yeo-johnson, handle_unknown_categorical=True, unknown_categorical_method=least_frequent, pca=False, pca_method=linear, pca_components=None, ignore_low_variance=False, combine_rare_levels=False, rare_level_threshold=0.1, bin_numeric_features=None, remove_outliers=False, outliers_threshold=0.05, remove_multicollinearity=False, multicollinearity_threshold=0.9, remove_perfect_collinearity=True, create_clusters=False, cluster_iter=20, polynomial_features=False, polynomial_degree=2, trigonometry_features=False, polynomial_threshold=0.1, group_features=None, group_names=None, feature_selection=False, feature_selection_threshold=0.8, feature_selection_method=classic, feature_interaction=False, feature_ratio=False, interaction_threshold=0.01, fix_imbalance=False, fix_imbalance_method=None, transform_target=False, transform_target_method=box-cox, data_split_shuffle=True, data_split_stratify=False, fold_strategy=stratifiedkfold, fold=10, fold_shuffle=False, fold_groups=None, n_jobs=-1, use_gpu=False, custom_pipeline=None, html=True, session_id=123, log_experiment=False, experiment_name=None, log_plots=False, log_profile=False, log_data=False, silent=False, verbose=True, profile=False, profile_kwargs=None, display=None)
2021-12-09 13:57:18,019:INFO:Checking environment
2021-12-09 13:57:18,019:INFO:python_version: 3.9.7
2021-12-09 13:57:18,019:INFO:python_build: ('tags/v3.9.7:1016ef3', 'Aug 30 2021 20:19:38')
2021-12-09 13:57:18,019:INFO:machine: AMD64
2021-12-09 13:57:18,019:INFO:platform: Windows-10-10.0.19042-SP0
2021-12-09 13:57:18,020:INFO:Memory: svmem(total=8155959296, available=695816192, percent=91.5, used=7460143104, free=695816192)
2021-12-09 13:57:18,020:INFO:Physical Core: 4
2021-12-09 13:57:18,020:INFO:Logical Core: 8
2021-12-09 13:57:18,020:INFO:Checking libraries
2021-12-09 13:57:18,020:INFO:pd==1.2.2
2021-12-09 13:57:18,021:INFO:numpy==1.19.5
2021-12-09 13:57:18,021:INFO:sklearn==0.23.2
2021-12-09 13:57:18,021:INFO:lightgbm==3.3.1
2021-12-09 13:57:18,021:INFO:catboost==1.0.3
2021-12-09 13:57:18,021:INFO:xgboost==1.5.1
2021-12-09 13:57:18,022:INFO:mlflow==1.22.0
2021-12-09 13:57:18,022:INFO:Checking Exceptions
2021-12-09 13:58:38,519:INFO:PyCaret Supervised Module
2021-12-09 13:58:38,520:INFO:ML Usecase: classification
2021-12-09 13:58:38,520:INFO:version 2.3.5
2021-12-09 13:58:38,520:INFO:Initializing setup()
2021-12-09 13:58:38,521:INFO:setup(target=[RainTomorrow], ml_usecase=classification, available_plots={'parameter': 'Hyperparameters', 'auc': 'AUC', 'confusion_matrix': 'Confusion Matrix', 'threshold': 'Threshold', 'pr': 'Precision Recall', 'error': 'Prediction Error', 'class_report': 'Class Report', 'rfe': 'Feature Selection', 'learning': 'Learning Curve', 'manifold': 'Manifold Learning', 'calibration': 'Calibration Curve', 'vc': 'Validation Curve', 'dimension': 'Dimensions', 'feature': 'Feature Importance', 'feature_all': 'Feature Importance (All)', 'boundary': 'Decision Boundary', 'lift': 'Lift Chart', 'gain': 'Gain Chart', 'tree': 'Decision Tree', 'ks': 'KS Statistic Plot'}, train_size=0.7, test_data=None, preprocess=True, imputation_type=simple, iterative_imputation_iters=5, categorical_features=None, categorical_imputation=constant, categorical_iterative_imputer=lightgbm, ordinal_features=None, high_cardinality_features=None, high_cardinality_method=frequency, numeric_features=None, numeric_imputation=mean, numeric_iterative_imputer=lightgbm, date_features=None, ignore_features=None, normalize=False, normalize_method=zscore, transformation=False, transformation_method=yeo-johnson, handle_unknown_categorical=True, unknown_categorical_method=least_frequent, pca=False, pca_method=linear, pca_components=None, ignore_low_variance=False, combine_rare_levels=False, rare_level_threshold=0.1, bin_numeric_features=None, remove_outliers=False, outliers_threshold=0.05, remove_multicollinearity=False, multicollinearity_threshold=0.9, remove_perfect_collinearity=True, create_clusters=False, cluster_iter=20, polynomial_features=False, polynomial_degree=2, trigonometry_features=False, polynomial_threshold=0.1, group_features=None, group_names=None, feature_selection=False, feature_selection_threshold=0.8, feature_selection_method=classic, feature_interaction=False, feature_ratio=False, interaction_threshold=0.01, fix_imbalance=False, fix_imbalance_method=None, transform_target=False, transform_target_method=box-cox, data_split_shuffle=True, data_split_stratify=False, fold_strategy=stratifiedkfold, fold=10, fold_shuffle=False, fold_groups=None, n_jobs=-1, use_gpu=False, custom_pipeline=None, html=True, session_id=123, log_experiment=False, experiment_name=None, log_plots=False, log_profile=False, log_data=False, silent=False, verbose=True, profile=False, profile_kwargs=None, display=None)
2021-12-09 13:58:38,521:INFO:Checking environment
2021-12-09 13:58:38,521:INFO:python_version: 3.9.7
2021-12-09 13:58:38,521:INFO:python_build: ('tags/v3.9.7:1016ef3', 'Aug 30 2021 20:19:38')
2021-12-09 13:58:38,521:INFO:machine: AMD64
2021-12-09 13:58:38,521:INFO:platform: Windows-10-10.0.19042-SP0
2021-12-09 13:58:38,522:INFO:Memory: svmem(total=8155959296, available=751132672, percent=90.8, used=7404826624, free=751132672)
2021-12-09 13:58:38,522:INFO:Physical Core: 4
2021-12-09 13:58:38,522:INFO:Logical Core: 8
2021-12-09 13:58:38,522:INFO:Checking libraries
2021-12-09 13:58:38,522:INFO:pd==1.2.2
2021-12-09 13:58:38,522:INFO:numpy==1.19.5
2021-12-09 13:58:38,522:INFO:sklearn==0.23.2
2021-12-09 13:58:38,522:INFO:lightgbm==3.3.1
2021-12-09 13:58:38,522:INFO:catboost==1.0.3
2021-12-09 13:58:38,522:INFO:xgboost==1.5.1
2021-12-09 13:58:38,522:INFO:mlflow==1.22.0
2021-12-09 13:58:38,522:INFO:Checking Exceptions
2021-12-09 13:59:08,209:INFO:PyCaret Supervised Module
2021-12-09 13:59:08,209:INFO:ML Usecase: classification
2021-12-09 13:59:08,209:INFO:version 2.3.5
2021-12-09 13:59:08,210:INFO:Initializing setup()
2021-12-09 13:59:08,210:INFO:setup(target=RainTomorrow, ml_usecase=classification, available_plots={'parameter': 'Hyperparameters', 'auc': 'AUC', 'confusion_matrix': 'Confusion Matrix', 'threshold': 'Threshold', 'pr': 'Precision Recall', 'error': 'Prediction Error', 'class_report': 'Class Report', 'rfe': 'Feature Selection', 'learning': 'Learning Curve', 'manifold': 'Manifold Learning', 'calibration': 'Calibration Curve', 'vc': 'Validation Curve', 'dimension': 'Dimensions', 'feature': 'Feature Importance', 'feature_all': 'Feature Importance (All)', 'boundary': 'Decision Boundary', 'lift': 'Lift Chart', 'gain': 'Gain Chart', 'tree': 'Decision Tree', 'ks': 'KS Statistic Plot'}, train_size=0.7, test_data=None, preprocess=True, imputation_type=simple, iterative_imputation_iters=5, categorical_features=None, categorical_imputation=constant, categorical_iterative_imputer=lightgbm, ordinal_features=None, high_cardinality_features=None, high_cardinality_method=frequency, numeric_features=None, numeric_imputation=mean, numeric_iterative_imputer=lightgbm, date_features=None, ignore_features=None, normalize=False, normalize_method=zscore, transformation=False, transformation_method=yeo-johnson, handle_unknown_categorical=True, unknown_categorical_method=least_frequent, pca=False, pca_method=linear, pca_components=None, ignore_low_variance=False, combine_rare_levels=False, rare_level_threshold=0.1, bin_numeric_features=None, remove_outliers=False, outliers_threshold=0.05, remove_multicollinearity=False, multicollinearity_threshold=0.9, remove_perfect_collinearity=True, create_clusters=False, cluster_iter=20, polynomial_features=False, polynomial_degree=2, trigonometry_features=False, polynomial_threshold=0.1, group_features=None, group_names=None, feature_selection=False, feature_selection_threshold=0.8, feature_selection_method=classic, feature_interaction=False, feature_ratio=False, interaction_threshold=0.01, fix_imbalance=False, fix_imbalance_method=None, transform_target=False, transform_target_method=box-cox, data_split_shuffle=True, data_split_stratify=False, fold_strategy=stratifiedkfold, fold=10, fold_shuffle=False, fold_groups=None, n_jobs=-1, use_gpu=False, custom_pipeline=None, html=True, session_id=123, log_experiment=False, experiment_name=None, log_plots=False, log_profile=False, log_data=False, silent=False, verbose=True, profile=False, profile_kwargs=None, display=None)
2021-12-09 13:59:08,210:INFO:Checking environment
2021-12-09 13:59:08,210:INFO:python_version: 3.9.7
2021-12-09 13:59:08,211:INFO:python_build: ('tags/v3.9.7:1016ef3', 'Aug 30 2021 20:19:38')
2021-12-09 13:59:08,211:INFO:machine: AMD64
2021-12-09 13:59:08,211:INFO:platform: Windows-10-10.0.19042-SP0
2021-12-09 13:59:08,211:INFO:Memory: svmem(total=8155959296, available=761597952, percent=90.7, used=7394361344, free=761597952)
2021-12-09 13:59:08,211:INFO:Physical Core: 4
2021-12-09 13:59:08,211:INFO:Logical Core: 8
2021-12-09 13:59:08,211:INFO:Checking libraries
2021-12-09 13:59:08,211:INFO:pd==1.2.2
2021-12-09 13:59:08,211:INFO:numpy==1.19.5
2021-12-09 13:59:08,211:INFO:sklearn==0.23.2
2021-12-09 13:59:08,214:INFO:lightgbm==3.3.1
2021-12-09 13:59:08,214:INFO:catboost==1.0.3
2021-12-09 13:59:08,214:INFO:xgboost==1.5.1
2021-12-09 13:59:08,214:INFO:mlflow==1.22.0
2021-12-09 13:59:08,214:INFO:Checking Exceptions
2021-12-09 13:59:08,215:INFO:Declaring global variables
2021-12-09 13:59:08,215:INFO:USI: 5ace
2021-12-09 13:59:08,215:INFO:pycaret_globals: {'_all_metrics', 'X', 'fix_imbalance_method_param', 'gpu_param', 'y_train', 'imputation_regressor', 'target_param', '_all_models_internal', 'fold_generator', 'imputation_classifier', 'fold_groups_param', 'create_model_container', 'X_train', '_gpu_n_jobs_param', '_ml_usecase', 'y', 'seed', 'data_before_preprocess', 'transform_target_param', 'exp_name_log', 'pycaret_globals', 'X_test', 'logging_param', 'USI', 'prep_pipe', '_all_models', 'fold_shuffle_param', '_internal_pipeline', 'html_param', 'log_plots_param', 'y_test', 'experiment__', 'fold_param', 'transform_target_method_param', 'n_jobs_param', 'display_container', 'iterative_imputation_iters_param', '_available_plots', 'stratify_param', 'master_model_container', 'fold_groups_param_full', 'fix_imbalance_param'}
2021-12-09 13:59:08,215:INFO:Preparing display monitor
2021-12-09 13:59:08,215:INFO:Preparing display monitor
2021-12-09 13:59:08,229:INFO:Importing libraries
2021-12-09 13:59:08,229:INFO:Copying data for preprocessing
2021-12-09 13:59:08,243:INFO:Declaring preprocessing parameters
2021-12-09 13:59:08,255:INFO:Creating preprocessing pipeline
2021-12-09 13:59:08,430:INFO:Preprocessing pipeline created successfully
2021-12-09 13:59:08,430:ERROR:(Process Exit): setup has been interupted with user command 'quit'. setup must rerun.
2021-12-09 13:59:08,430:INFO:Creating global containers
2021-12-09 13:59:08,430:INFO:Internal pipeline: Pipeline(memory=None, steps=[('empty_step', 'passthrough')], verbose=False)
2021-12-09 14:16:25,644:INFO:Creating grid variables
2021-12-09 14:16:25,668:INFO:create_model_container: 0
2021-12-09 14:16:25,668:INFO:master_model_container: 0
2021-12-09 14:16:25,668:INFO:display_container: 1
2021-12-09 14:16:25,673:INFO:Pipeline(memory=None,
         steps=[('dtypes',
                 DataTypes_Auto_infer(categorical_features=[],
                                      display_types=True, features_todrop=[],
                                      id_columns=[],
                                      ml_usecase='classification',
                                      numerical_features=[],
                                      target='RainTomorrow',
                                      time_features=[])),
                ('imputer',
                 Simple_Imputer(categorical_strategy='not_available',
                                fill_value_categorical=None,
                                fill_value_numerical=None,
                                numeric...
                ('scaling', 'passthrough'), ('P_transform', 'passthrough'),
                ('binn', 'passthrough'), ('rem_outliers', 'passthrough'),
                ('cluster_all', 'passthrough'),
                ('dummy', Dummify(target='RainTomorrow')),
                ('fix_perfect', Remove_100(target='RainTomorrow')),
                ('clean_names', Clean_Colum_Names()),
                ('feature_select', 'passthrough'), ('fix_multi', 'passthrough'),
                ('dfs', 'passthrough'), ('pca', 'passthrough')],
         verbose=False)
2021-12-09 14:16:25,673:INFO:setup() succesfully completed......................................
2021-12-09 14:16:33,219:INFO:Initializing compare_models()
2021-12-09 14:16:33,220:INFO:compare_models(include=None, fold=None, round=4, cross_validation=True, sort=Accuracy, n_select=1, budget_time=None, turbo=True, errors=ignore, fit_kwargs=None, groups=None, probability_threshold=None, verbose=True, display=None, exclude=None)
2021-12-09 14:16:33,220:INFO:Checking exceptions
2021-12-09 14:16:33,224:INFO:Preparing display monitor
2021-12-09 14:16:33,225:INFO:Preparing display monitor
2021-12-09 14:16:33,264:INFO:Initializing Logistic Regression
2021-12-09 14:16:33,264:INFO:Total runtime is 0.0 minutes
2021-12-09 14:16:33,276:INFO:SubProcess create_model() called ==================================
2021-12-09 14:16:33,277:INFO:Initializing create_model()
2021-12-09 14:16:33,277:INFO:create_model(estimator=lr, fold=StratifiedKFold(n_splits=10, random_state=None, shuffle=False), round=4, cross_validation=True, predict=True, fit_kwargs={}, groups=None, refit=False, verbose=False, system=False, metrics=None, add_to_model_list=True, probability_threshold=None, display=<pycaret.internal.Display.Display object at 0x000001E7BCA3CF10>, kwargs={})
2021-12-09 14:16:33,277:INFO:Checking exceptions
2021-12-09 14:16:33,277:INFO:Importing libraries
2021-12-09 14:16:33,277:INFO:Copying training dataset
2021-12-09 14:16:33,280:INFO:Defining folds
2021-12-09 14:16:33,280:INFO:Declaring metric variables
2021-12-09 14:16:33,290:INFO:Importing untrained model
2021-12-09 14:16:33,303:INFO:Logistic Regression Imported succesfully
2021-12-09 14:16:33,323:INFO:Starting cross validation
2021-12-09 14:16:33,323:INFO:Cross validating with StratifiedKFold(n_splits=10, random_state=None, shuffle=False), n_jobs=-1
2021-12-09 14:17:04,105:INFO:Calculating mean and std
2021-12-09 14:17:04,107:INFO:Creating metrics dataframe
2021-12-09 14:17:04,111:INFO:Uploading results into container
2021-12-09 14:17:04,111:INFO:Uploading model into container now
2021-12-09 14:17:04,111:INFO:create_model_container: 1
2021-12-09 14:17:04,112:INFO:master_model_container: 1
2021-12-09 14:17:04,112:INFO:display_container: 2
2021-12-09 14:17:04,112:INFO:LogisticRegression(C=1.0, class_weight=None, dual=False, fit_intercept=True,
                   intercept_scaling=1, l1_ratio=None, max_iter=1000,
                   multi_class='auto', n_jobs=None, penalty='l2',
                   random_state=123, solver='lbfgs', tol=0.0001, verbose=0,
                   warm_start=False)
2021-12-09 14:17:04,112:INFO:create_model() succesfully completed......................................
2021-12-09 14:17:04,213:INFO:SubProcess create_model() end ==================================
2021-12-09 14:17:04,213:INFO:Creating metrics dataframe
2021-12-09 14:17:04,230:INFO:Initializing K Neighbors Classifier
2021-12-09 14:17:04,230:INFO:Total runtime is 0.5161006808280945 minutes
2021-12-09 14:17:04,240:INFO:SubProcess create_model() called ==================================
2021-12-09 14:17:04,241:INFO:Initializing create_model()
2021-12-09 14:17:04,241:INFO:create_model(estimator=knn, fold=StratifiedKFold(n_splits=10, random_state=None, shuffle=False), round=4, cross_validation=True, predict=True, fit_kwargs={}, groups=None, refit=False, verbose=False, system=False, metrics=None, add_to_model_list=True, probability_threshold=None, display=<pycaret.internal.Display.Display object at 0x000001E7BCA3CF10>, kwargs={})
2021-12-09 14:17:04,241:INFO:Checking exceptions
2021-12-09 14:17:04,242:INFO:Importing libraries
2021-12-09 14:17:04,242:INFO:Copying training dataset
2021-12-09 14:17:04,246:INFO:Defining folds
2021-12-09 14:17:04,246:INFO:Declaring metric variables
2021-12-09 14:17:04,257:INFO:Importing untrained model
2021-12-09 14:17:04,268:INFO:K Neighbors Classifier Imported succesfully
2021-12-09 14:17:04,294:INFO:Starting cross validation
2021-12-09 14:17:04,295:INFO:Cross validating with StratifiedKFold(n_splits=10, random_state=None, shuffle=False), n_jobs=-1
2021-12-09 14:18:38,435:INFO:Calculating mean and std
2021-12-09 14:18:38,436:INFO:Creating metrics dataframe
2021-12-09 14:18:38,444:INFO:Uploading results into container
2021-12-09 14:18:38,445:INFO:Uploading model into container now
2021-12-09 14:18:38,445:INFO:create_model_container: 2
2021-12-09 14:18:38,445:INFO:master_model_container: 2
2021-12-09 14:18:38,445:INFO:display_container: 2
2021-12-09 14:18:38,445:INFO:KNeighborsClassifier(algorithm='auto', leaf_size=30, metric='minkowski',
                     metric_params=None, n_jobs=-1, n_neighbors=5, p=2,
                     weights='uniform')
2021-12-09 14:18:38,446:INFO:create_model() succesfully completed......................................
2021-12-09 14:18:38,565:INFO:SubProcess create_model() end ==================================
2021-12-09 14:18:38,565:INFO:Creating metrics dataframe
2021-12-09 14:18:38,588:INFO:Initializing Naive Bayes
2021-12-09 14:18:38,588:INFO:Total runtime is 2.088722586631775 minutes
2021-12-09 14:18:38,601:INFO:SubProcess create_model() called ==================================
2021-12-09 14:18:38,602:INFO:Initializing create_model()
2021-12-09 14:18:38,602:INFO:create_model(estimator=nb, fold=StratifiedKFold(n_splits=10, random_state=None, shuffle=False), round=4, cross_validation=True, predict=True, fit_kwargs={}, groups=None, refit=False, verbose=False, system=False, metrics=None, add_to_model_list=True, probability_threshold=None, display=<pycaret.internal.Display.Display object at 0x000001E7BCA3CF10>, kwargs={})
2021-12-09 14:18:38,603:INFO:Checking exceptions
2021-12-09 14:18:38,603:INFO:Importing libraries
2021-12-09 14:18:38,603:INFO:Copying training dataset
2021-12-09 14:18:38,608:INFO:Defining folds
2021-12-09 14:18:38,608:INFO:Declaring metric variables
2021-12-09 14:18:38,620:INFO:Importing untrained model
2021-12-09 14:18:38,634:INFO:Naive Bayes Imported succesfully
2021-12-09 14:18:38,658:INFO:Starting cross validation
2021-12-09 14:18:38,659:INFO:Cross validating with StratifiedKFold(n_splits=10, random_state=None, shuffle=False), n_jobs=-1
2021-12-09 14:18:39,180:INFO:Calculating mean and std
2021-12-09 14:18:39,181:INFO:Creating metrics dataframe
2021-12-09 14:18:39,185:INFO:Uploading results into container
2021-12-09 14:18:39,185:INFO:Uploading model into container now
2021-12-09 14:18:39,185:INFO:create_model_container: 3
2021-12-09 14:18:39,185:INFO:master_model_container: 3
2021-12-09 14:18:39,185:INFO:display_container: 2
2021-12-09 14:18:39,185:INFO:GaussianNB(priors=None, var_smoothing=1e-09)
2021-12-09 14:18:39,185:INFO:create_model() succesfully completed......................................
2021-12-09 14:18:39,287:INFO:SubProcess create_model() end ==================================
2021-12-09 14:18:39,287:INFO:Creating metrics dataframe
2021-12-09 14:18:39,319:INFO:Initializing Decision Tree Classifier
2021-12-09 14:18:39,319:INFO:Total runtime is 2.1009093880653382 minutes
2021-12-09 14:18:39,339:INFO:SubProcess create_model() called ==================================
2021-12-09 14:18:39,339:INFO:Initializing create_model()
2021-12-09 14:18:39,339:INFO:create_model(estimator=dt, fold=StratifiedKFold(n_splits=10, random_state=None, shuffle=False), round=4, cross_validation=True, predict=True, fit_kwargs={}, groups=None, refit=False, verbose=False, system=False, metrics=None, add_to_model_list=True, probability_threshold=None, display=<pycaret.internal.Display.Display object at 0x000001E7BCA3CF10>, kwargs={})
2021-12-09 14:18:39,339:INFO:Checking exceptions
2021-12-09 14:18:39,339:INFO:Importing libraries
2021-12-09 14:18:39,340:INFO:Copying training dataset
2021-12-09 14:18:39,344:INFO:Defining folds
2021-12-09 14:18:39,344:INFO:Declaring metric variables
2021-12-09 14:18:39,358:INFO:Importing untrained model
2021-12-09 14:18:39,371:INFO:Decision Tree Classifier Imported succesfully
2021-12-09 14:18:39,401:INFO:Starting cross validation
2021-12-09 14:18:39,402:INFO:Cross validating with StratifiedKFold(n_splits=10, random_state=None, shuffle=False), n_jobs=-1
2021-12-09 14:18:44,199:INFO:Calculating mean and std
2021-12-09 14:18:44,199:INFO:Creating metrics dataframe
2021-12-09 14:18:44,203:INFO:Uploading results into container
2021-12-09 14:18:44,203:INFO:Uploading model into container now
2021-12-09 14:18:44,203:INFO:create_model_container: 4
2021-12-09 14:18:44,203:INFO:master_model_container: 4
2021-12-09 14:18:44,203:INFO:display_container: 2
2021-12-09 14:18:44,204:INFO:DecisionTreeClassifier(ccp_alpha=0.0, class_weight=None, criterion='gini',
                       max_depth=None, max_features=None, max_leaf_nodes=None,
                       min_impurity_decrease=0.0, min_impurity_split=None,
                       min_samples_leaf=1, min_samples_split=2,
                       min_weight_fraction_leaf=0.0, presort='deprecated',
                       random_state=123, splitter='best')
2021-12-09 14:18:44,204:INFO:create_model() succesfully completed......................................
2021-12-09 14:18:44,298:INFO:SubProcess create_model() end ==================================
2021-12-09 14:18:44,298:INFO:Creating metrics dataframe
2021-12-09 14:18:44,319:INFO:Initializing SVM - Linear Kernel
2021-12-09 14:18:44,319:INFO:Total runtime is 2.184244954586029 minutes
2021-12-09 14:18:44,332:INFO:SubProcess create_model() called ==================================
2021-12-09 14:18:44,332:INFO:Initializing create_model()
2021-12-09 14:18:44,332:INFO:create_model(estimator=svm, fold=StratifiedKFold(n_splits=10, random_state=None, shuffle=False), round=4, cross_validation=True, predict=True, fit_kwargs={}, groups=None, refit=False, verbose=False, system=False, metrics=None, add_to_model_list=True, probability_threshold=None, display=<pycaret.internal.Display.Display object at 0x000001E7BCA3CF10>, kwargs={})
2021-12-09 14:18:44,332:INFO:Checking exceptions
2021-12-09 14:18:44,332:INFO:Importing libraries
2021-12-09 14:18:44,332:INFO:Copying training dataset
2021-12-09 14:18:44,335:INFO:Defining folds
2021-12-09 14:18:44,335:INFO:Declaring metric variables
2021-12-09 14:18:44,344:INFO:Importing untrained model
2021-12-09 14:18:44,353:INFO:SVM - Linear Kernel Imported succesfully
2021-12-09 14:18:44,374:INFO:Starting cross validation
2021-12-09 14:18:44,375:INFO:Cross validating with StratifiedKFold(n_splits=10, random_state=None, shuffle=False), n_jobs=-1
2021-12-09 14:19:01,040:INFO:Calculating mean and std
2021-12-09 14:19:01,042:INFO:Creating metrics dataframe
2021-12-09 14:19:01,045:INFO:Uploading results into container
2021-12-09 14:19:01,046:INFO:Uploading model into container now
2021-12-09 14:19:01,046:INFO:create_model_container: 5
2021-12-09 14:19:01,046:INFO:master_model_container: 5
2021-12-09 14:19:01,046:INFO:display_container: 2
2021-12-09 14:19:01,046:INFO:SGDClassifier(alpha=0.0001, average=False, class_weight=None,
              early_stopping=False, epsilon=0.1, eta0=0.001, fit_intercept=True,
              l1_ratio=0.15, learning_rate='optimal', loss='hinge',
              max_iter=1000, n_iter_no_change=5, n_jobs=-1, penalty='l2',
              power_t=0.5, random_state=123, shuffle=True, tol=0.001,
              validation_fraction=0.1, verbose=0, warm_start=False)
2021-12-09 14:19:01,046:INFO:create_model() succesfully completed......................................
2021-12-09 14:19:01,133:INFO:SubProcess create_model() end ==================================
2021-12-09 14:19:01,133:INFO:Creating metrics dataframe
2021-12-09 14:19:01,150:INFO:Initializing Ridge Classifier
2021-12-09 14:19:01,151:INFO:Total runtime is 2.464770698547363 minutes
2021-12-09 14:19:01,159:INFO:SubProcess create_model() called ==================================
2021-12-09 14:19:01,160:INFO:Initializing create_model()
2021-12-09 14:19:01,160:INFO:create_model(estimator=ridge, fold=StratifiedKFold(n_splits=10, random_state=None, shuffle=False), round=4, cross_validation=True, predict=True, fit_kwargs={}, groups=None, refit=False, verbose=False, system=False, metrics=None, add_to_model_list=True, probability_threshold=None, display=<pycaret.internal.Display.Display object at 0x000001E7BCA3CF10>, kwargs={})
2021-12-09 14:19:01,160:INFO:Checking exceptions
2021-12-09 14:19:01,160:INFO:Importing libraries
2021-12-09 14:19:01,160:INFO:Copying training dataset
2021-12-09 14:19:01,163:INFO:Defining folds
2021-12-09 14:19:01,163:INFO:Declaring metric variables
2021-12-09 14:19:01,171:INFO:Importing untrained model
2021-12-09 14:19:01,182:INFO:Ridge Classifier Imported succesfully
2021-12-09 14:19:01,202:INFO:Starting cross validation
2021-12-09 14:19:01,202:INFO:Cross validating with StratifiedKFold(n_splits=10, random_state=None, shuffle=False), n_jobs=-1
2021-12-09 14:19:01,910:INFO:Calculating mean and std
2021-12-09 14:19:01,911:INFO:Creating metrics dataframe
2021-12-09 14:19:01,915:INFO:Uploading results into container
2021-12-09 14:19:01,915:INFO:Uploading model into container now
2021-12-09 14:19:01,915:INFO:create_model_container: 6
2021-12-09 14:19:01,915:INFO:master_model_container: 6
2021-12-09 14:19:01,916:INFO:display_container: 2
2021-12-09 14:19:01,916:INFO:RidgeClassifier(alpha=1.0, class_weight=None, copy_X=True, fit_intercept=True,
                max_iter=None, normalize=False, random_state=123, solver='auto',
                tol=0.001)
2021-12-09 14:19:01,916:INFO:create_model() succesfully completed......................................
2021-12-09 14:19:02,004:INFO:SubProcess create_model() end ==================================
2021-12-09 14:19:02,004:INFO:Creating metrics dataframe
2021-12-09 14:19:02,021:INFO:Initializing Random Forest Classifier
2021-12-09 14:19:02,021:INFO:Total runtime is 2.4792808254559833 minutes
2021-12-09 14:19:02,031:INFO:SubProcess create_model() called ==================================
2021-12-09 14:19:02,032:INFO:Initializing create_model()
2021-12-09 14:19:02,032:INFO:create_model(estimator=rf, fold=StratifiedKFold(n_splits=10, random_state=None, shuffle=False), round=4, cross_validation=True, predict=True, fit_kwargs={}, groups=None, refit=False, verbose=False, system=False, metrics=None, add_to_model_list=True, probability_threshold=None, display=<pycaret.internal.Display.Display object at 0x000001E7BCA3CF10>, kwargs={})
2021-12-09 14:19:02,032:INFO:Checking exceptions
2021-12-09 14:19:02,032:INFO:Importing libraries
2021-12-09 14:19:02,032:INFO:Copying training dataset
2021-12-09 14:19:02,035:INFO:Defining folds
2021-12-09 14:19:02,035:INFO:Declaring metric variables
2021-12-09 14:19:02,045:INFO:Importing untrained model
2021-12-09 14:19:02,056:INFO:Random Forest Classifier Imported succesfully
2021-12-09 14:19:02,077:INFO:Starting cross validation
2021-12-09 14:19:02,078:INFO:Cross validating with StratifiedKFold(n_splits=10, random_state=None, shuffle=False), n_jobs=-1
2021-12-09 14:19:52,960:INFO:Calculating mean and std
2021-12-09 14:19:52,961:INFO:Creating metrics dataframe
2021-12-09 14:19:52,966:INFO:Uploading results into container
2021-12-09 14:19:52,966:INFO:Uploading model into container now
2021-12-09 14:19:52,966:INFO:create_model_container: 7
2021-12-09 14:19:52,966:INFO:master_model_container: 7
2021-12-09 14:19:52,966:INFO:display_container: 2
2021-12-09 14:19:52,967:INFO:RandomForestClassifier(bootstrap=True, ccp_alpha=0.0, class_weight=None,
                       criterion='gini', max_depth=None, max_features='auto',
                       max_leaf_nodes=None, max_samples=None,
                       min_impurity_decrease=0.0, min_impurity_split=None,
                       min_samples_leaf=1, min_samples_split=2,
                       min_weight_fraction_leaf=0.0, n_estimators=100,
                       n_jobs=-1, oob_score=False, random_state=123, verbose=0,
                       warm_start=False)
2021-12-09 14:19:52,967:INFO:create_model() succesfully completed......................................
2021-12-09 14:19:53,078:INFO:SubProcess create_model() end ==================================
2021-12-09 14:19:53,078:INFO:Creating metrics dataframe
2021-12-09 14:19:53,100:INFO:Initializing Quadratic Discriminant Analysis
2021-12-09 14:19:53,100:INFO:Total runtime is 3.3305945912996924 minutes
2021-12-09 14:19:53,111:INFO:SubProcess create_model() called ==================================
2021-12-09 14:19:53,111:INFO:Initializing create_model()
2021-12-09 14:19:53,111:INFO:create_model(estimator=qda, fold=StratifiedKFold(n_splits=10, random_state=None, shuffle=False), round=4, cross_validation=True, predict=True, fit_kwargs={}, groups=None, refit=False, verbose=False, system=False, metrics=None, add_to_model_list=True, probability_threshold=None, display=<pycaret.internal.Display.Display object at 0x000001E7BCA3CF10>, kwargs={})
2021-12-09 14:19:53,112:INFO:Checking exceptions
2021-12-09 14:19:53,112:INFO:Importing libraries
2021-12-09 14:19:53,112:INFO:Copying training dataset
2021-12-09 14:19:53,115:INFO:Defining folds
2021-12-09 14:19:53,115:INFO:Declaring metric variables
2021-12-09 14:19:53,128:INFO:Importing untrained model
2021-12-09 14:19:53,139:INFO:Quadratic Discriminant Analysis Imported succesfully
2021-12-09 14:19:53,163:INFO:Starting cross validation
2021-12-09 14:19:53,165:INFO:Cross validating with StratifiedKFold(n_splits=10, random_state=None, shuffle=False), n_jobs=-1
2021-12-09 14:19:54,188:INFO:Calculating mean and std
2021-12-09 14:19:54,190:INFO:Creating metrics dataframe
2021-12-09 14:19:54,195:INFO:Uploading results into container
2021-12-09 14:19:54,195:INFO:Uploading model into container now
2021-12-09 14:19:54,195:INFO:create_model_container: 8
2021-12-09 14:19:54,195:INFO:master_model_container: 8
2021-12-09 14:19:54,195:INFO:display_container: 2
2021-12-09 14:19:54,195:INFO:QuadraticDiscriminantAnalysis(priors=None, reg_param=0.0,
                              store_covariance=False, tol=0.0001)
2021-12-09 14:19:54,195:INFO:create_model() succesfully completed......................................
2021-12-09 14:19:54,307:INFO:SubProcess create_model() end ==================================
2021-12-09 14:19:54,307:INFO:Creating metrics dataframe
2021-12-09 14:19:54,335:INFO:Initializing Ada Boost Classifier
2021-12-09 14:19:54,336:INFO:Total runtime is 3.3511902332305903 minutes
2021-12-09 14:19:54,348:INFO:SubProcess create_model() called ==================================
2021-12-09 14:19:54,348:INFO:Initializing create_model()
2021-12-09 14:19:54,348:INFO:create_model(estimator=ada, fold=StratifiedKFold(n_splits=10, random_state=None, shuffle=False), round=4, cross_validation=True, predict=True, fit_kwargs={}, groups=None, refit=False, verbose=False, system=False, metrics=None, add_to_model_list=True, probability_threshold=None, display=<pycaret.internal.Display.Display object at 0x000001E7BCA3CF10>, kwargs={})
2021-12-09 14:19:54,348:INFO:Checking exceptions
2021-12-09 14:19:54,348:INFO:Importing libraries
2021-12-09 14:19:54,349:INFO:Copying training dataset
2021-12-09 14:19:54,351:INFO:Defining folds
2021-12-09 14:19:54,351:INFO:Declaring metric variables
2021-12-09 14:19:54,364:INFO:Importing untrained model
2021-12-09 14:19:54,378:INFO:Ada Boost Classifier Imported succesfully
2021-12-09 14:19:54,410:INFO:Starting cross validation
2021-12-09 14:19:54,410:INFO:Cross validating with StratifiedKFold(n_splits=10, random_state=None, shuffle=False), n_jobs=-1
2021-12-09 14:20:11,226:INFO:Calculating mean and std
2021-12-09 14:20:11,227:INFO:Creating metrics dataframe
2021-12-09 14:20:11,230:INFO:Uploading results into container
2021-12-09 14:20:11,231:INFO:Uploading model into container now
2021-12-09 14:20:11,231:INFO:create_model_container: 9
2021-12-09 14:20:11,231:INFO:master_model_container: 9
2021-12-09 14:20:11,231:INFO:display_container: 2
2021-12-09 14:20:11,231:INFO:AdaBoostClassifier(algorithm='SAMME.R', base_estimator=None, learning_rate=1.0,
                   n_estimators=50, random_state=123)
2021-12-09 14:20:11,231:INFO:create_model() succesfully completed......................................
2021-12-09 14:20:11,321:INFO:SubProcess create_model() end ==================================
2021-12-09 14:20:11,321:INFO:Creating metrics dataframe
2021-12-09 14:20:11,339:INFO:Initializing Gradient Boosting Classifier
2021-12-09 14:20:11,339:INFO:Total runtime is 3.634583985805511 minutes
2021-12-09 14:20:11,349:INFO:SubProcess create_model() called ==================================
2021-12-09 14:20:11,349:INFO:Initializing create_model()
2021-12-09 14:20:11,349:INFO:create_model(estimator=gbc, fold=StratifiedKFold(n_splits=10, random_state=None, shuffle=False), round=4, cross_validation=True, predict=True, fit_kwargs={}, groups=None, refit=False, verbose=False, system=False, metrics=None, add_to_model_list=True, probability_threshold=None, display=<pycaret.internal.Display.Display object at 0x000001E7BCA3CF10>, kwargs={})
2021-12-09 14:20:11,350:INFO:Checking exceptions
2021-12-09 14:20:11,350:INFO:Importing libraries
2021-12-09 14:20:11,350:INFO:Copying training dataset
2021-12-09 14:20:11,353:INFO:Defining folds
2021-12-09 14:20:11,353:INFO:Declaring metric variables
2021-12-09 14:20:11,365:INFO:Importing untrained model
2021-12-09 14:20:11,374:INFO:Gradient Boosting Classifier Imported succesfully
2021-12-09 14:20:11,394:INFO:Starting cross validation
2021-12-09 14:20:11,395:INFO:Cross validating with StratifiedKFold(n_splits=10, random_state=None, shuffle=False), n_jobs=-1
2021-12-09 14:21:21,395:INFO:Calculating mean and std
2021-12-09 14:21:21,396:INFO:Creating metrics dataframe
2021-12-09 14:21:21,400:INFO:Uploading results into container
2021-12-09 14:21:21,400:INFO:Uploading model into container now
2021-12-09 14:21:21,400:INFO:create_model_container: 10
2021-12-09 14:21:21,400:INFO:master_model_container: 10
2021-12-09 14:21:21,400:INFO:display_container: 2
2021-12-09 14:21:21,401:INFO:GradientBoostingClassifier(ccp_alpha=0.0, criterion='friedman_mse', init=None,
                           learning_rate=0.1, loss='deviance', max_depth=3,
                           max_features=None, max_leaf_nodes=None,
                           min_impurity_decrease=0.0, min_impurity_split=None,
                           min_samples_leaf=1, min_samples_split=2,
                           min_weight_fraction_leaf=0.0, n_estimators=100,
                           n_iter_no_change=None, presort='deprecated',
                           random_state=123, subsample=1.0, tol=0.0001,
                           validation_fraction=0.1, verbose=0,
                           warm_start=False)
2021-12-09 14:21:21,401:INFO:create_model() succesfully completed......................................
2021-12-09 14:21:21,490:INFO:SubProcess create_model() end ==================================
2021-12-09 14:21:21,490:INFO:Creating metrics dataframe
2021-12-09 14:21:21,509:INFO:Initializing Linear Discriminant Analysis
2021-12-09 14:21:21,509:INFO:Total runtime is 4.80407284895579 minutes
2021-12-09 14:21:21,519:INFO:SubProcess create_model() called ==================================
2021-12-09 14:21:21,519:INFO:Initializing create_model()
2021-12-09 14:21:21,519:INFO:create_model(estimator=lda, fold=StratifiedKFold(n_splits=10, random_state=None, shuffle=False), round=4, cross_validation=True, predict=True, fit_kwargs={}, groups=None, refit=False, verbose=False, system=False, metrics=None, add_to_model_list=True, probability_threshold=None, display=<pycaret.internal.Display.Display object at 0x000001E7BCA3CF10>, kwargs={})
2021-12-09 14:21:21,520:INFO:Checking exceptions
2021-12-09 14:21:21,520:INFO:Importing libraries
2021-12-09 14:21:21,520:INFO:Copying training dataset
2021-12-09 14:21:21,522:INFO:Defining folds
2021-12-09 14:21:21,522:INFO:Declaring metric variables
2021-12-09 14:21:21,530:INFO:Importing untrained model
2021-12-09 14:21:21,539:INFO:Linear Discriminant Analysis Imported succesfully
2021-12-09 14:21:21,564:INFO:Starting cross validation
2021-12-09 14:21:21,564:INFO:Cross validating with StratifiedKFold(n_splits=10, random_state=None, shuffle=False), n_jobs=-1
2021-12-09 14:21:22,951:INFO:Calculating mean and std
2021-12-09 14:21:22,952:INFO:Creating metrics dataframe
2021-12-09 14:21:22,956:INFO:Uploading results into container
2021-12-09 14:21:22,956:INFO:Uploading model into container now
2021-12-09 14:21:22,956:INFO:create_model_container: 11
2021-12-09 14:21:22,956:INFO:master_model_container: 11
2021-12-09 14:21:22,956:INFO:display_container: 2
2021-12-09 14:21:22,957:INFO:LinearDiscriminantAnalysis(n_components=None, priors=None, shrinkage=None,
                           solver='svd', store_covariance=False, tol=0.0001)
2021-12-09 14:21:22,957:INFO:create_model() succesfully completed......................................
2021-12-09 14:21:23,049:INFO:SubProcess create_model() end ==================================
2021-12-09 14:21:23,049:INFO:Creating metrics dataframe
2021-12-09 14:21:23,069:INFO:Initializing Extra Trees Classifier
2021-12-09 14:21:23,069:INFO:Total runtime is 4.830070571104685 minutes
2021-12-09 14:21:23,081:INFO:SubProcess create_model() called ==================================
2021-12-09 14:21:23,081:INFO:Initializing create_model()
2021-12-09 14:21:23,081:INFO:create_model(estimator=et, fold=StratifiedKFold(n_splits=10, random_state=None, shuffle=False), round=4, cross_validation=True, predict=True, fit_kwargs={}, groups=None, refit=False, verbose=False, system=False, metrics=None, add_to_model_list=True, probability_threshold=None, display=<pycaret.internal.Display.Display object at 0x000001E7BCA3CF10>, kwargs={})
2021-12-09 14:21:23,082:INFO:Checking exceptions
2021-12-09 14:21:23,082:INFO:Importing libraries
2021-12-09 14:21:23,082:INFO:Copying training dataset
2021-12-09 14:21:23,084:INFO:Defining folds
2021-12-09 14:21:23,084:INFO:Declaring metric variables
2021-12-09 14:21:23,093:INFO:Importing untrained model
2021-12-09 14:21:23,103:INFO:Extra Trees Classifier Imported succesfully
2021-12-09 14:21:23,125:INFO:Starting cross validation
2021-12-09 14:21:23,127:INFO:Cross validating with StratifiedKFold(n_splits=10, random_state=None, shuffle=False), n_jobs=-1
2021-12-09 14:22:02,432:INFO:Calculating mean and std
2021-12-09 14:22:02,433:INFO:Creating metrics dataframe
2021-12-09 14:22:02,438:INFO:Uploading results into container
2021-12-09 14:22:02,438:INFO:Uploading model into container now
2021-12-09 14:22:02,438:INFO:create_model_container: 12
2021-12-09 14:22:02,438:INFO:master_model_container: 12
2021-12-09 14:22:02,438:INFO:display_container: 2
2021-12-09 14:22:02,443:INFO:ExtraTreesClassifier(bootstrap=False, ccp_alpha=0.0, class_weight=None,
                     criterion='gini', max_depth=None, max_features='auto',
                     max_leaf_nodes=None, max_samples=None,
                     min_impurity_decrease=0.0, min_impurity_split=None,
                     min_samples_leaf=1, min_samples_split=2,
                     min_weight_fraction_leaf=0.0, n_estimators=100, n_jobs=-1,
                     oob_score=False, random_state=123, verbose=0,
                     warm_start=False)
2021-12-09 14:22:02,443:INFO:create_model() succesfully completed......................................
2021-12-09 14:22:02,548:INFO:SubProcess create_model() end ==================================
2021-12-09 14:22:02,548:INFO:Creating metrics dataframe
2021-12-09 14:22:02,570:INFO:Initializing Extreme Gradient Boosting
2021-12-09 14:22:02,570:INFO:Total runtime is 5.488429021835327 minutes
2021-12-09 14:22:02,581:INFO:SubProcess create_model() called ==================================
2021-12-09 14:22:02,581:INFO:Initializing create_model()
2021-12-09 14:22:02,581:INFO:create_model(estimator=xgboost, fold=StratifiedKFold(n_splits=10, random_state=None, shuffle=False), round=4, cross_validation=True, predict=True, fit_kwargs={}, groups=None, refit=False, verbose=False, system=False, metrics=None, add_to_model_list=True, probability_threshold=None, display=<pycaret.internal.Display.Display object at 0x000001E7BCA3CF10>, kwargs={})
2021-12-09 14:22:02,582:INFO:Checking exceptions
2021-12-09 14:22:02,582:INFO:Importing libraries
2021-12-09 14:22:02,582:INFO:Copying training dataset
2021-12-09 14:22:02,587:INFO:Defining folds
2021-12-09 14:22:02,587:INFO:Declaring metric variables
2021-12-09 14:22:02,596:INFO:Importing untrained model
2021-12-09 14:22:02,609:INFO:Extreme Gradient Boosting Imported succesfully
2021-12-09 14:22:02,631:INFO:Starting cross validation
2021-12-09 14:22:02,634:INFO:Cross validating with StratifiedKFold(n_splits=10, random_state=None, shuffle=False), n_jobs=-1
2021-12-09 14:22:40,927:INFO:Calculating mean and std
2021-12-09 14:22:40,929:INFO:Creating metrics dataframe
2021-12-09 14:22:40,934:INFO:Uploading results into container
2021-12-09 14:22:40,934:INFO:Uploading model into container now
2021-12-09 14:22:40,934:INFO:create_model_container: 13
2021-12-09 14:22:40,934:INFO:master_model_container: 13
2021-12-09 14:22:40,934:INFO:display_container: 2
2021-12-09 14:22:40,935:INFO:XGBClassifier(base_score=None, booster='gbtree', colsample_bylevel=None,
              colsample_bynode=None, colsample_bytree=None,
              enable_categorical=False, gamma=None, gpu_id=None,
              importance_type=None, interaction_constraints=None,
              learning_rate=None, max_delta_step=None, max_depth=None,
              min_child_weight=None, missing=nan, monotone_constraints=None,
              n_estimators=100, n_jobs=-1, num_parallel_tree=None,
              objective='binary:logistic', predictor=None, random_state=123,
              reg_alpha=None, reg_lambda=None, scale_pos_weight=None,
              subsample=None, tree_method='auto', use_label_encoder=True,
              validate_parameters=None, verbosity=0)
2021-12-09 14:22:40,936:INFO:create_model() succesfully completed......................................
2021-12-09 14:22:41,026:INFO:SubProcess create_model() end ==================================
2021-12-09 14:22:41,026:INFO:Creating metrics dataframe
2021-12-09 14:22:41,050:INFO:Initializing Light Gradient Boosting Machine
2021-12-09 14:22:41,050:INFO:Total runtime is 6.129765554269155 minutes
2021-12-09 14:22:41,059:INFO:SubProcess create_model() called ==================================
2021-12-09 14:22:41,060:INFO:Initializing create_model()
2021-12-09 14:22:41,060:INFO:create_model(estimator=lightgbm, fold=StratifiedKFold(n_splits=10, random_state=None, shuffle=False), round=4, cross_validation=True, predict=True, fit_kwargs={}, groups=None, refit=False, verbose=False, system=False, metrics=None, add_to_model_list=True, probability_threshold=None, display=<pycaret.internal.Display.Display object at 0x000001E7BCA3CF10>, kwargs={})
2021-12-09 14:22:41,060:INFO:Checking exceptions
2021-12-09 14:22:41,060:INFO:Importing libraries
2021-12-09 14:22:41,060:INFO:Copying training dataset
2021-12-09 14:22:41,063:INFO:Defining folds
2021-12-09 14:22:41,063:INFO:Declaring metric variables
2021-12-09 14:22:41,072:INFO:Importing untrained model
2021-12-09 14:22:41,081:INFO:Light Gradient Boosting Machine Imported succesfully
2021-12-09 14:22:41,107:INFO:Starting cross validation
2021-12-09 14:22:41,108:INFO:Cross validating with StratifiedKFold(n_splits=10, random_state=None, shuffle=False), n_jobs=-1
2021-12-09 14:22:48,987:INFO:Calculating mean and std
2021-12-09 14:22:48,988:INFO:Creating metrics dataframe
2021-12-09 14:22:48,993:INFO:Uploading results into container
2021-12-09 14:22:48,993:INFO:Uploading model into container now
2021-12-09 14:22:48,993:INFO:create_model_container: 14
2021-12-09 14:22:48,993:INFO:master_model_container: 14
2021-12-09 14:22:48,993:INFO:display_container: 2
2021-12-09 14:22:48,994:INFO:LGBMClassifier(boosting_type='gbdt', class_weight=None, colsample_bytree=1.0,
               importance_type='split', learning_rate=0.1, max_depth=-1,
               min_child_samples=20, min_child_weight=0.001, min_split_gain=0.0,
               n_estimators=100, n_jobs=-1, num_leaves=31, objective=None,
               random_state=123, reg_alpha=0.0, reg_lambda=0.0, silent='warn',
               subsample=1.0, subsample_for_bin=200000, subsample_freq=0)
2021-12-09 14:22:48,994:INFO:create_model() succesfully completed......................................
2021-12-09 14:22:49,091:INFO:SubProcess create_model() end ==================================
2021-12-09 14:22:49,091:INFO:Creating metrics dataframe
2021-12-09 14:22:49,119:INFO:Initializing CatBoost Classifier
2021-12-09 14:22:49,119:INFO:Total runtime is 6.264242172241211 minutes
2021-12-09 14:22:49,127:INFO:SubProcess create_model() called ==================================
2021-12-09 14:22:49,127:INFO:Initializing create_model()
2021-12-09 14:22:49,129:INFO:create_model(estimator=catboost, fold=StratifiedKFold(n_splits=10, random_state=None, shuffle=False), round=4, cross_validation=True, predict=True, fit_kwargs={}, groups=None, refit=False, verbose=False, system=False, metrics=None, add_to_model_list=True, probability_threshold=None, display=<pycaret.internal.Display.Display object at 0x000001E7BCA3CF10>, kwargs={})
2021-12-09 14:22:49,129:INFO:Checking exceptions
2021-12-09 14:22:49,129:INFO:Importing libraries
2021-12-09 14:22:49,129:INFO:Copying training dataset
2021-12-09 14:22:49,132:INFO:Defining folds
2021-12-09 14:22:49,132:INFO:Declaring metric variables
2021-12-09 14:22:49,142:INFO:Importing untrained model
2021-12-09 14:22:49,152:INFO:CatBoost Classifier Imported succesfully
2021-12-09 14:22:49,179:INFO:Starting cross validation
2021-12-09 14:22:49,185:INFO:Cross validating with StratifiedKFold(n_splits=10, random_state=None, shuffle=False), n_jobs=-1
2021-12-09 14:23:33,644:INFO:Calculating mean and std
2021-12-09 14:23:33,644:INFO:Creating metrics dataframe
2021-12-09 14:23:33,652:INFO:Uploading results into container
2021-12-09 14:23:33,653:INFO:Uploading model into container now
2021-12-09 14:23:33,653:INFO:create_model_container: 15
2021-12-09 14:23:33,653:INFO:master_model_container: 15
2021-12-09 14:23:33,653:INFO:display_container: 2
2021-12-09 14:23:33,653:INFO:<catboost.core.CatBoostClassifier object at 0x000001E7FB7DC730>
2021-12-09 14:23:33,653:INFO:create_model() succesfully completed......................................
2021-12-09 14:23:33,924:INFO:SubProcess create_model() end ==================================
2021-12-09 14:23:33,925:INFO:Creating metrics dataframe
2021-12-09 14:23:34,035:INFO:Initializing Dummy Classifier
2021-12-09 14:23:34,035:INFO:Total runtime is 7.012836480140686 minutes
2021-12-09 14:23:34,063:INFO:SubProcess create_model() called ==================================
2021-12-09 14:23:34,065:INFO:Initializing create_model()
2021-12-09 14:23:34,065:INFO:create_model(estimator=dummy, fold=StratifiedKFold(n_splits=10, random_state=None, shuffle=False), round=4, cross_validation=True, predict=True, fit_kwargs={}, groups=None, refit=False, verbose=False, system=False, metrics=None, add_to_model_list=True, probability_threshold=None, display=<pycaret.internal.Display.Display object at 0x000001E7BCA3CF10>, kwargs={})
2021-12-09 14:23:34,065:INFO:Checking exceptions
2021-12-09 14:23:34,065:INFO:Importing libraries
2021-12-09 14:23:34,066:INFO:Copying training dataset
2021-12-09 14:23:34,071:INFO:Defining folds
2021-12-09 14:23:34,071:INFO:Declaring metric variables
2021-12-09 14:23:34,093:INFO:Importing untrained model
2021-12-09 14:23:34,108:INFO:Dummy Classifier Imported succesfully
2021-12-09 14:23:34,148:INFO:Starting cross validation
2021-12-09 14:23:34,151:INFO:Cross validating with StratifiedKFold(n_splits=10, random_state=None, shuffle=False), n_jobs=-1
2021-12-09 14:23:34,653:INFO:Calculating mean and std
2021-12-09 14:23:34,655:INFO:Creating metrics dataframe
2021-12-09 14:23:34,670:INFO:Uploading results into container
2021-12-09 14:23:34,670:INFO:Uploading model into container now
2021-12-09 14:23:34,670:INFO:create_model_container: 16
2021-12-09 14:23:34,670:INFO:master_model_container: 16
2021-12-09 14:23:34,670:INFO:display_container: 2
2021-12-09 14:23:34,671:INFO:DummyClassifier(constant=None, random_state=123, strategy='prior')
2021-12-09 14:23:34,671:INFO:create_model() succesfully completed......................................
2021-12-09 14:23:34,844:INFO:SubProcess create_model() end ==================================
2021-12-09 14:23:34,845:INFO:Creating metrics dataframe
2021-12-09 14:23:34,969:INFO:Initializing create_model()
2021-12-09 14:23:34,969:INFO:create_model(estimator=XGBClassifier(base_score=None, booster='gbtree', colsample_bylevel=None,
              colsample_bynode=None, colsample_bytree=None,
              enable_categorical=False, gamma=None, gpu_id=None,
              importance_type=None, interaction_constraints=None,
              learning_rate=None, max_delta_step=None, max_depth=None,
              min_child_weight=None, missing=nan, monotone_constraints=None,
              n_estimators=100, n_jobs=-1, num_parallel_tree=None,
              objective='binary:logistic', predictor=None, random_state=123,
              reg_alpha=None, reg_lambda=None, scale_pos_weight=None,
              subsample=None, tree_method='auto', use_label_encoder=True,
              validate_parameters=None, verbosity=0), fold=StratifiedKFold(n_splits=10, random_state=None, shuffle=False), round=4, cross_validation=False, predict=False, fit_kwargs={}, groups=None, refit=True, verbose=False, system=False, metrics=None, add_to_model_list=True, probability_threshold=None, display=None, kwargs={})
2021-12-09 14:23:34,969:INFO:Checking exceptions
2021-12-09 14:23:34,970:INFO:Importing libraries
2021-12-09 14:23:34,971:INFO:Copying training dataset
2021-12-09 14:23:34,977:INFO:Defining folds
2021-12-09 14:23:34,977:INFO:Declaring metric variables
2021-12-09 14:23:34,977:INFO:Importing untrained model
2021-12-09 14:23:34,978:INFO:Declaring custom model
2021-12-09 14:23:34,982:INFO:Extreme Gradient Boosting Imported succesfully
2021-12-09 14:23:34,983:INFO:Cross validation set to False
2021-12-09 14:23:34,983:INFO:Fitting Model
2021-12-09 14:23:40,688:INFO:XGBClassifier(base_score=0.5, booster='gbtree', colsample_bylevel=1,
              colsample_bynode=1, colsample_bytree=1, enable_categorical=False,
              gamma=0, gpu_id=-1, importance_type=None,
              interaction_constraints='', learning_rate=0.300000012,
              max_delta_step=0, max_depth=6, min_child_weight=1, missing=nan,
              monotone_constraints='()', n_estimators=100, n_jobs=-1,
              num_parallel_tree=1, objective='binary:logistic',
              predictor='auto', random_state=123, reg_alpha=0, reg_lambda=1,
              scale_pos_weight=1, subsample=1, tree_method='auto',
              use_label_encoder=True, validate_parameters=1, verbosity=0)
2021-12-09 14:23:40,688:INFO:create_models() succesfully completed......................................
2021-12-09 14:23:40,852:INFO:create_model_container: 16
2021-12-09 14:23:40,852:INFO:master_model_container: 16
2021-12-09 14:23:40,852:INFO:display_container: 2
2021-12-09 14:23:40,855:INFO:XGBClassifier(base_score=0.5, booster='gbtree', colsample_bylevel=1,
              colsample_bynode=1, colsample_bytree=1, enable_categorical=False,
              gamma=0, gpu_id=-1, importance_type=None,
              interaction_constraints='', learning_rate=0.300000012,
              max_delta_step=0, max_depth=6, min_child_weight=1, missing=nan,
              monotone_constraints='()', n_estimators=100, n_jobs=-1,
              num_parallel_tree=1, objective='binary:logistic',
              predictor='auto', random_state=123, reg_alpha=0, reg_lambda=1,
              scale_pos_weight=1, subsample=1, tree_method='auto',
              use_label_encoder=True, validate_parameters=1, verbosity=0)
2021-12-09 14:23:40,855:INFO:compare_models() succesfully completed......................................
